[User.py:77 -         createwebkey() ] xyfz Creating web key b'*0N\x923\xb1\xa2\xb6\x07\xe2V\x82\x92\xa0\x15\x96\xd3\x97\x8e\x1d\xbd\n\xda\xe7\xe4\xff\xc0\x87\n\nFb'
[User.py:81 -          writewebkey() ] xyfz Writing web key as b'*0N\x923\xb1\xa2\xb6\x07\xe2V\x82\x92\xa0\x15\x96\xd3\x97\x8e\x1d\xbd\n\xda\xe7\xe4\xff\xc0\x87\n\nFb'
[User.py:94 -         assignwebkey() ] adam Assigning web key as b'*0N\x923\xb1\xa2\xb6\x07\xe2V\x82\x92\xa0\x15\x96\xd3\x97\x8e\x1d\xbd\n\xda\xe7\xe4\xff\xc0\x87\n\nFb'
[User.py:89 -           loadwebkey() ] xyfz Loading web key as b'*0N\x923\xb1\xa2\xb6\x07\xe2V\x82\x92\xa0\x15\x96\xd3\x97\x8e\x1d\xbd\n\xda\xe7\xe4\xff\xc0\x87\n\nFb'
[User.py:94 -         assignwebkey() ] adam Assigning web key as b'*0N\x923\xb1\xa2\xb6\x07\xe2V\x82\x92\xa0\x15\x96\xd3\x97\x8e\x1d\xbd\n\xda\xe7\xe4\xff\xc0\x87\n\nFb'
[User.py:89 -           loadwebkey() ] xyfz Loading web key as b'*0N\x923\xb1\xa2\xb6\x07\xe2V\x82\x92\xa0\x15\x96\xd3\x97\x8e\x1d\xbd\n\xda\xe7\xe4\xff\xc0\x87\n\nFb'
[User.py:77 -         createwebkey() ] xyfz Creating web key b'N\xed&\xd1`\xc5c@zy`\xca\xbf\x1c\xe6\xaf\t\x00dU.b\xb7\xfb\x1f\xa8#\x9b\x11)\xda\xe5'
[User.py:81 -          writewebkey() ] xyfz Writing web key as b'N\xed&\xd1`\xc5c@zy`\xca\xbf\x1c\xe6\xaf\t\x00dU.b\xb7\xfb\x1f\xa8#\x9b\x11)\xda\xe5'
[User.py:94 -         assignwebkey() ] adam Assigning web key as b'N\xed&\xd1`\xc5c@zy`\xca\xbf\x1c\xe6\xaf\t\x00dU.b\xb7\xfb\x1f\xa8#\x9b\x11)\xda\xe5'
[User.py:89 -           loadwebkey() ] xyfz Loading web key as b'N\xed&\xd1`\xc5c@zy`\xca\xbf\x1c\xe6\xaf\t\x00dU.b\xb7\xfb\x1f\xa8#\x9b\x11)\xda\xe5'
[User.py:94 -         assignwebkey() ] adam Assigning web key as b'N\xed&\xd1`\xc5c@zy`\xca\xbf\x1c\xe6\xaf\t\x00dU.b\xb7\xfb\x1f\xa8#\x9b\x11)\xda\xe5'
[User.py:89 -           loadwebkey() ] xyfz Loading web key as b'N\xed&\xd1`\xc5c@zy`\xca\xbf\x1c\xe6\xaf\t\x00dU.b\xb7\xfb\x1f\xa8#\x9b\x11)\xda\xe5'
[User.py:94 -         assignwebkey() ] adam Assigning web key as b'N\xed&\xd1`\xc5c@zy`\xca\xbf\x1c\xe6\xaf\t\x00dU.b\xb7\xfb\x1f\xa8#\x9b\x11)\xda\xe5'
[User.py:89 -           loadwebkey() ] xyfz Loading web key as b'N\xed&\xd1`\xc5c@zy`\xca\xbf\x1c\xe6\xaf\t\x00dU.b\xb7\xfb\x1f\xa8#\x9b\x11)\xda\xe5'
[User.py:94 -         assignwebkey() ] adam Assigning web key as b'N\xed&\xd1`\xc5c@zy`\xca\xbf\x1c\xe6\xaf\t\x00dU.b\xb7\xfb\x1f\xa8#\x9b\x11)\xda\xe5'
[User.py:89 -           loadwebkey() ] xyfz Loading web key as b'N\xed&\xd1`\xc5c@zy`\xca\xbf\x1c\xe6\xaf\t\x00dU.b\xb7\xfb\x1f\xa8#\x9b\x11)\xda\xe5'
[User.py:94 -         assignwebkey() ] adam Assigning web key as b'N\xed&\xd1`\xc5c@zy`\xca\xbf\x1c\xe6\xaf\t\x00dU.b\xb7\xfb\x1f\xa8#\x9b\x11)\xda\xe5'
[User.py:89 -           loadwebkey() ] xyfz Loading web key as b'N\xed&\xd1`\xc5c@zy`\xca\xbf\x1c\xe6\xaf\t\x00dU.b\xb7\xfb\x1f\xa8#\x9b\x11)\xda\xe5'
[User.py:94 -         assignwebkey() ] adam Assigning web key as b'N\xed&\xd1`\xc5c@zy`\xca\xbf\x1c\xe6\xaf\t\x00dU.b\xb7\xfb\x1f\xa8#\x9b\x11)\xda\xe5'
[User.py:89 -           loadwebkey() ] xyfz Loading web key as b'N\xed&\xd1`\xc5c@zy`\xca\xbf\x1c\xe6\xaf\t\x00dU.b\xb7\xfb\x1f\xa8#\x9b\x11)\xda\xe5'
[User.py:77 -         createwebkey() ] xyfz Creating web key b'\x17\xfc\xc9\x03\xb4+P\x17\xf2\xe4\xe0fy\x9b\x05\xd2\x15E\x9b\xd4\x9b\xc0\xedX\xb5Yv\xb1\xdd\xf4\xbe\xdf'
[User.py:81 -          writewebkey() ] xyfz Writing web key as b'\x17\xfc\xc9\x03\xb4+P\x17\xf2\xe4\xe0fy\x9b\x05\xd2\x15E\x9b\xd4\x9b\xc0\xedX\xb5Yv\xb1\xdd\xf4\xbe\xdf'
[User.py:94 -         assignwebkey() ] adam Assigning web key as b'\x17\xfc\xc9\x03\xb4+P\x17\xf2\xe4\xe0fy\x9b\x05\xd2\x15E\x9b\xd4\x9b\xc0\xedX\xb5Yv\xb1\xdd\xf4\xbe\xdf'
[User.py:89 -           loadwebkey() ] xyfz Loading web key as b'\x17\xfc\xc9\x03\xb4+P\x17\xf2\xe4\xe0fy\x9b\x05\xd2\x15E\x9b\xd4\x9b\xc0\xedX\xb5Yv\xb1\xdd\xf4\xbe\xdf'
